This is pdfTeX, Version 3.1415926-2.5-1.40.14 (TeX Live 2013) (format=pdflatex 2013.5.30)  27 SEP 2015 20:42
entering extended mode
 restricted \write18 enabled.
 %&-line parsing enabled.
**\input cms2-hep.tex
(./cms2-hep.tex
(/usr/local/texlive/2013/texmf-dist/tex/latex/revtex4/revtex4.cls
Document Class: revtex4 2001/08/02 v4.0 (http://publish.aps.org/revtex4/ for do
cumentation)
 Copyright (c) 2001 The American Physical Society.
 mailto:revtex@aps.org
 Licensed under the LPPL:
http://www.ctan.org/tex-archive/macros/latex/base/lppl.txt
 Arthur Ogawa <ogawa@teleport.com>
 Based on work by David Carlisle <david@dcarlisle.demon.co.uk>.
ltxutil: portions licensed from W. E. Baxter (web@superscript.com)
Class revtex4 Info: Repairing broken LateX \@sect on input line 596.
\intertabularlinepenalty=\count79
\@tbpen=\count80
\@arstrutbox@hline=\box26
Class revtex4 Info: Repairing broken LaTeX \@xbitor on input line 1610.
ltxgrid: portions licensed from W. E. Baxter (web@superscript.com)
\c@linecount=\count81
\output=\toks14
\@protection@box=\box27
\@topmark@saved=\toks15
\footins@saved=\box28
\pagesofar=\box29
\footbox=\box30
\pagegrid@col=\count82
Class revtex4 Info: Incorporating package {textcase}  [1998/11/12 v0.06 Text on
ly upper/lower case changing (DPC)]. on input line 3682.
(/usr/local/texlive/2013/texmf-dist/tex/latex/url/url.sty
\Urlmuskip=\muskip10
Package: url 2006/04/12  ver 3.3  Verb mode for urls, etc.
)
\c@affil=\count83
\absbox=\box31
\c@part=\count84
\c@section=\count85
\c@subsection=\count86
\c@subsubsection=\count87
\c@paragraph=\count88
\c@subparagraph=\count89
\abovecaptionskip=\skip41
\belowcaptionskip=\skip42
\c@figure=\count90
\c@table=\count91

(/usr/local/texlive/2013/texmf-dist/tex/latex/natbib/natbib.sty
Package: natbib 2010/09/13 8.31b (PWD, AO)
\bibhang=\skip43
\bibsep=\skip44
LaTeX Info: Redefining \cite on input line 694.
\c@NAT@ctr=\count92
)
\widetext@top=\box32
\widetext@bot=\box33

(/usr/local/texlive/2013/texmf-dist/tex/latex/revtex4/revsymb.sty
Package: revsymb 2001/08/02 v4.0 (http://publish.aps.org/revtex4/ for documenta
tion)
LaTeX Info: Redefining \REV@mathfrak on input line 118.
))
(/usr/local/texlive/2013/texmf-dist/tex/latex/revtex4/aps.rtx
File: aps.rtx 2001/08/02 v4.0 (http://publish.aps.org/revtex4/ for documentatio
n)
)
(/usr/local/texlive/2013/texmf-dist/tex/latex/revtex4/10pt.rtx
File: 10pt.rtx 2001/08/02 v4.0 (http://publish.aps.org/revtex4/ for documentati
on)
)
(/usr/local/texlive/2013/texmf-dist/tex/latex/graphics/graphicx.sty
Package: graphicx 1999/02/16 v1.0f Enhanced LaTeX Graphics (DPC,SPQR)

(/usr/local/texlive/2013/texmf-dist/tex/latex/graphics/keyval.sty
Package: keyval 1999/03/16 v1.13 key=value parser (DPC)
\KV@toks@=\toks16
)
(/usr/local/texlive/2013/texmf-dist/tex/latex/graphics/graphics.sty
Package: graphics 2009/02/05 v1.0o Standard LaTeX Graphics (DPC,SPQR)

(/usr/local/texlive/2013/texmf-dist/tex/latex/graphics/trig.sty
Package: trig 1999/03/16 v1.09 sin cos tan (DPC)
)
(/usr/local/texlive/2013/texmf-dist/tex/latex/latexconfig/graphics.cfg
File: graphics.cfg 2010/04/23 v1.9 graphics configuration of TeX Live
)
Package graphics Info: Driver file: pdftex.def on input line 91.

(/usr/local/texlive/2013/texmf-dist/tex/latex/pdftex-def/pdftex.def
File: pdftex.def 2011/05/27 v0.06d Graphics/color for pdfTeX

(/usr/local/texlive/2013/texmf-dist/tex/generic/oberdiek/infwarerr.sty
Package: infwarerr 2010/04/08 v1.3 Providing info/warning/error messages (HO)
)
(/usr/local/texlive/2013/texmf-dist/tex/generic/oberdiek/ltxcmds.sty
Package: ltxcmds 2011/11/09 v1.22 LaTeX kernel commands for general use (HO)
)
\Gread@gobject=\count93
))
\Gin@req@height=\dimen102
\Gin@req@width=\dimen103
)
(/usr/local/texlive/2013/texmf-dist/tex/latex/graphics/epsfig.sty
Package: epsfig 1999/02/16 v1.7a (e)psfig emulation (SPQR)
\epsfxsize=\dimen104
\epsfysize=\dimen105
)
(/usr/local/texlive/2013/texmf-dist/tex/latex/psfrag/psfrag.sty
Package: psfrag 1998/04/11 v3.04 PSfrag (MCG)
\pfg@pcount=\count94
\pfg@scount=\count95
\pfg@temp=\write3
)
(/usr/local/texlive/2013/texmf-dist/tex/latex/amsmath/amsmath.sty
Package: amsmath 2013/01/14 v2.14 AMS math features
\@mathmargin=\skip45

For additional information on amsmath, use the `?' option.
(/usr/local/texlive/2013/texmf-dist/tex/latex/amsmath/amstext.sty
Package: amstext 2000/06/29 v2.01

(/usr/local/texlive/2013/texmf-dist/tex/latex/amsmath/amsgen.sty
File: amsgen.sty 1999/11/30 v2.0
\@emptytoks=\toks17
\ex@=\dimen106
))
(/usr/local/texlive/2013/texmf-dist/tex/latex/amsmath/amsbsy.sty
Package: amsbsy 1999/11/29 v1.2d
\pmbraise@=\dimen107
)
(/usr/local/texlive/2013/texmf-dist/tex/latex/amsmath/amsopn.sty
Package: amsopn 1999/12/14 v2.01 operator names
)
\inf@bad=\count96
LaTeX Info: Redefining \frac on input line 210.
\uproot@=\count97
\leftroot@=\count98
LaTeX Info: Redefining \overline on input line 306.
\classnum@=\count99
\DOTSCASE@=\count100
LaTeX Info: Redefining \ldots on input line 378.
LaTeX Info: Redefining \dots on input line 381.
LaTeX Info: Redefining \cdots on input line 466.
\Mathstrutbox@=\box34
\strutbox@=\box35
\big@size=\dimen108
LaTeX Font Info:    Redeclaring font encoding OML on input line 566.
LaTeX Font Info:    Redeclaring font encoding OMS on input line 567.
\macc@depth=\count101
\c@MaxMatrixCols=\count102
\dotsspace@=\muskip11
\c@parentequation=\count103
\dspbrk@lvl=\count104
\tag@help=\toks18
\row@=\count105
\column@=\count106
\maxfields@=\count107
\andhelp@=\toks19
\eqnshift@=\dimen109
\alignsep@=\dimen110
\tagshift@=\dimen111
\tagwidth@=\dimen112
\totwidth@=\dimen113
\lineht@=\dimen114
\@envbody=\toks20
\multlinegap=\skip46
\multlinetaggap=\skip47
\mathdisplay@stack=\toks21
LaTeX Info: Redefining \[ on input line 2665.
LaTeX Info: Redefining \] on input line 2666.
)
(/usr/local/texlive/2013/texmf-dist/tex/latex/wasysym/wasysym.sty
Package: wasysym 2003/10/30 v2.0 Wasy-2 symbol support package
\symwasy=\mathgroup4
LaTeX Font Info:    Overwriting symbol font `wasy' in version `bold'
(Font)                  U/wasy/m/n --> U/wasy/b/n on input line 90.
)
(/usr/local/texlive/2013/texmf-dist/tex/latex/jknapltx/mathrsfs.sty
Package: mathrsfs 1996/01/01 Math RSFS package v1.0 (jk)
\symrsfs=\mathgroup5
)
(/usr/local/texlive/2013/texmf-dist/tex/latex/amsfonts/amsfonts.sty
Package: amsfonts 2013/01/14 v3.01 Basic AMSFonts support
\symAMSa=\mathgroup6
\symAMSb=\mathgroup7
LaTeX Font Info:    Overwriting math alphabet `\mathfrak' in version `bold'
(Font)                  U/euf/m/n --> U/euf/b/n on input line 106.
LaTeX Info: Redefining \frak on input line 111.
LaTeX Info: Redefining \Bbb on input line 113.
)
(/usr/local/texlive/2013/texmf-dist/tex/latex/amsmath/amscd.sty
Package: amscd 1999/11/29 v2.0
\athelp@=\toks22
\minaw@=\dimen115
\bigaw@=\dimen116
\minCDarrowwidth=\dimen117
)
(/usr/local/texlive/2013/texmf-dist/tex/latex/amsfonts/amssymb.sty
Package: amssymb 2013/01/14 v3.01 AMS font symbols
)
(/usr/local/texlive/2013/texmf-dist/tex/latex/bbm-macros/bbm.sty
Package: bbm 1999/03/15 V 1.2 provides fonts for set symbols - TH
LaTeX Font Info:    Overwriting math alphabet `\mathbbm' in version `bold'
(Font)                  U/bbm/m/n --> U/bbm/bx/n on input line 33.
LaTeX Font Info:    Overwriting math alphabet `\mathbbmss' in version `bold'
(Font)                  U/bbmss/m/n --> U/bbmss/bx/n on input line 35.
)
(/usr/local/texlive/2013/texmf-dist/tex/latex/bezos/accents.sty
Package: accents 2006/05/12 v1.3 Math Accent Tools
\cc@skew=\dimen118
\cc@wd=\dimen119
\cc@code=\count108
\cc@group=\count109
\cc@skewchar=\count110
)
(/usr/local/texlive/2013/texmf-dist/tex/latex/multirow/multirow.sty
\bigstrutjot=\dimen120
)
(./cms2-hep.aux

LaTeX Warning: Label `eq:mu2egamma' multiply defined.


LaTeX Warning: Label `meg2' multiply defined.

)
\openout1 = `cms2-hep.aux'.

LaTeX Font Info:    Checking defaults for OML/cmm/m/it on input line 71.
LaTeX Font Info:    ... okay on input line 71.
LaTeX Font Info:    Checking defaults for T1/cmr/m/n on input line 71.
LaTeX Font Info:    ... okay on input line 71.
LaTeX Font Info:    Checking defaults for OT1/cmr/m/n on input line 71.
LaTeX Font Info:    ... okay on input line 71.
LaTeX Font Info:    Checking defaults for OMS/cmsy/m/n on input line 71.
LaTeX Font Info:    ... okay on input line 71.
LaTeX Font Info:    Checking defaults for OMX/cmex/m/n on input line 71.
LaTeX Font Info:    ... okay on input line 71.
LaTeX Font Info:    Checking defaults for U/cmr/m/n on input line 71.
LaTeX Font Info:    ... okay on input line 71.
Class revtex4 Info: Patching LaTeX tabular. on input line 71.
Class revtex4 Info: cite was not loaded (OK!) on input line 71.
Class revtex4 Info: multicol was not loaded (OK!) on input line 71.
 (/usr/local/texlive/2013/texmf-dist/tex/context/base/supp-pdf.mkii
[Loading MPS to PDF converter (version 2006.09.02).]
\scratchcounter=\count111
\scratchdimen=\dimen121
\scratchbox=\box36
\nofMPsegments=\count112
\nofMParguments=\count113
\everyMPshowfont=\toks23
\MPscratchCnt=\count114
\MPscratchDim=\dimen122
\MPnumerator=\count115
\makeMPintoPDFobject=\count116
\everyMPtoPDFconversion=\toks24
) (/usr/local/texlive/2013/texmf-dist/tex/generic/oberdiek/pdftexcmds.sty
Package: pdftexcmds 2011/11/29 v0.20 Utility functions of pdfTeX for LuaTeX (HO
)

(/usr/local/texlive/2013/texmf-dist/tex/generic/oberdiek/ifluatex.sty
Package: ifluatex 2010/03/01 v1.3 Provides the ifluatex switch (HO)
Package ifluatex Info: LuaTeX not detected.
)
(/usr/local/texlive/2013/texmf-dist/tex/generic/oberdiek/ifpdf.sty
Package: ifpdf 2011/01/30 v2.3 Provides the ifpdf switch (HO)
Package ifpdf Info: pdfTeX in PDF mode is detected.
)
Package pdftexcmds Info: LuaTeX not detected.
Package pdftexcmds Info: \pdf@primitive is available.
Package pdftexcmds Info: \pdf@ifprimitive is available.
Package pdftexcmds Info: \pdfdraftmode found.
)
(/usr/local/texlive/2013/texmf-dist/tex/latex/oberdiek/epstopdf-base.sty
Package: epstopdf-base 2010/02/09 v2.5 Base part for package epstopdf

(/usr/local/texlive/2013/texmf-dist/tex/latex/oberdiek/grfext.sty
Package: grfext 2010/08/19 v1.1 Manage graphics extensions (HO)

(/usr/local/texlive/2013/texmf-dist/tex/generic/oberdiek/kvdefinekeys.sty
Package: kvdefinekeys 2011/04/07 v1.3 Define keys (HO)
))
(/usr/local/texlive/2013/texmf-dist/tex/latex/oberdiek/kvoptions.sty
Package: kvoptions 2011/06/30 v3.11 Key value format for package options (HO)

(/usr/local/texlive/2013/texmf-dist/tex/generic/oberdiek/kvsetkeys.sty
Package: kvsetkeys 2012/04/25 v1.16 Key value parser (HO)

(/usr/local/texlive/2013/texmf-dist/tex/generic/oberdiek/etexcmds.sty
Package: etexcmds 2011/02/16 v1.5 Avoid name clashes with e-TeX commands (HO)
Package etexcmds Info: Could not find \expanded.
(etexcmds)             That can mean that you are not using pdfTeX 1.50 or
(etexcmds)             that some package has redefined \expanded.
(etexcmds)             In the latter case, load this package earlier.
)))
Package grfext Info: Graphics extension search list:
(grfext)             [.png,.pdf,.jpg,.mps,.jpeg,.jbig2,.jb2,.PNG,.PDF,.JPG,.JPE
G,.JBIG2,.JB2,.eps]
(grfext)             \AppendGraphicsExtensions on input line 452.

(/usr/local/texlive/2013/texmf-dist/tex/latex/latexconfig/epstopdf-sys.cfg
File: epstopdf-sys.cfg 2010/07/13 v1.3 Configuration of (r)epstopdf for TeX Liv
e
))
LaTeX Font Info:    Try loading font information for U+wasy on input line 125.

(/usr/local/texlive/2013/texmf-dist/tex/latex/wasysym/uwasy.fd
File: uwasy.fd 2003/10/30 v2.0 Wasy-2 symbol font definitions
)
LaTeX Font Info:    Try loading font information for U+rsfs on input line 125.

(/usr/local/texlive/2013/texmf-dist/tex/latex/jknapltx/ursfs.fd
File: ursfs.fd 1998/03/24 rsfs font definition file (jk)
)
LaTeX Font Info:    Try loading font information for U+msa on input line 125.

(/usr/local/texlive/2013/texmf-dist/tex/latex/amsfonts/umsa.fd
File: umsa.fd 2013/01/14 v3.01 AMS symbols A
)
LaTeX Font Info:    Try loading font information for U+msb on input line 125.

(/usr/local/texlive/2013/texmf-dist/tex/latex/amsfonts/umsb.fd
File: umsb.fd 2013/01/14 v3.01 AMS symbols B
)

Package natbib Warning: Citation `Kuno:2013mha' on page 1 undefined on input li
ne 155.


Package natbib Warning: Citation `Brown:2015cka' on page 1 undefined on input l
ine 155.

[1
Non-PDF special ignored!{/usr/local/texlive/2013/texmf-var/fonts/map/pdftex/upd
map/pdftex.map}]
Underfull \hbox (badness 10000) in alignment at lines 176--191
[][][][]
 []

<pp_WR.pdf, id=23, 446.04543pt x 450.9833pt>
File: pp_WR.pdf Graphic file (type pdf)
 <use pp_WR.pdf>
Package pdftex.def Info: pp_WR.pdf used on input line 210.
(pdftex.def)             Requested size: 223.02216pt x 225.4911pt.


LaTeX Warning: `!h' float specifier changed to `!ht'.

[2 <./pp_WR.pdf>]
Overfull \hbox (2.68526pt too wide) detected at line 250
\OML/cmm/m/it/10 ^^M \OT1/cmr/m/n/10 = []\OML/cmm/m/it/10 ;  ^^M[] \OMS/cmsy/m/
n/10 ' \OT1/cmr/m/n/10 0\OML/cmm/m/it/10 :\OT1/cmr/m/n/10 54\OML/cmm/m/it/10 :
 []

<CMS-ppeejj-4.pdf, id=39, 361.35pt x 346.29375pt>
File: CMS-ppeejj-4.pdf Graphic file (type pdf)
 <use CMS-ppeejj-4.pdf>
Package pdftex.def Info: CMS-ppeejj-4.pdf used on input line 265.
(pdftex.def)             Requested size: 216.81168pt x 207.77785pt.

<splitting0GeV-2.pdf, id=40, 361.35pt x 371.3875pt>
File: splitting0GeV-2.pdf Graphic file (type pdf)
 <use splitting0GeV-2.pdf>
Package pdftex.def Info: splitting0GeV-2.pdf used on input line 313.
(pdftex.def)             Requested size: 198.74312pt x 204.26375pt.

[3 <./CMS-ppeejj-4.pdf> <./splitting0GeV-2.pdf>] [4]
<Plot1.pdf, id=85, 803.0pt x 478.78876pt>
File: Plot1.pdf Graphic file (type pdf)
 <use Plot1.pdf>
Package pdftex.def Info: Plot1.pdf used on input line 445.
(pdftex.def)             Requested size: 246.0pt x 146.67691pt.

<splitting1GeV-3.pdf, id=86, 361.35pt x 371.3875pt>
File: splitting1GeV-3.pdf Graphic file (type pdf)
 <use splitting1GeV-3.pdf>
Package pdftex.def Info: splitting1GeV-3.pdf used on input line 465.
(pdftex.def)             Requested size: 216.81168pt x 222.83421pt.


LaTeX Warning: `!h' float specifier changed to `!ht'.


Underfull \hbox (badness 1515) in paragraph at lines 491--494
[]\OT1/cmr/m/n/10 We would like to thank Marek Zra lek and Do-
 []


Underfull \hbox (badness 5203) in paragraph at lines 491--494
\OT1/cmr/m/n/10 brescu? for in-ter-est-ing dis-cus-sions. Work is
 []


Underfull \hbox (badness 7168) in paragraph at lines 491--494
\OT1/cmr/m/n/10 sup-ported by the Pol-ish Na-tional Sci-ence Cen-
 []


Underfull \hbox (badness 10000) in paragraph at lines 491--494
\OT1/cmr/m/n/10 tre (NCN) un-der the Grant Agree-ment No.
 []


Underfull \hbox (badness 2961) in paragraph at lines 491--494
\OT1/cmr/m/n/10 DEC-2013/11/B/ST2/04023 and un-der post-doc-toral
 []

[5 <./Plot1.pdf> <./splitting1GeV-3.pdf>]
Underfull \hbox (badness 5985) in paragraph at lines 527--528
[]\OT1/cmr/m/n/10 Neglecting light-heavy neu-tri-nos mix-ing, Eq.19[],
 []


Underfull \hbox (badness 10000) in alignment at lines 529--532
[][][][]
 []


Underfull \hbox (badness 10000) in alignment at lines 535--538
[][][][]
 []

<Plot2.pdf, id=124, 803.0pt x 522.95375pt>
File: Plot2.pdf Graphic file (type pdf)
 <use Plot2.pdf>
Package pdftex.def Info: Plot2.pdf used on input line 577.
(pdftex.def)             Requested size: 246.0pt x 160.20685pt.

Underfull \hbox (badness 10000) in paragraph at lines 596--597
[]\OT1/cmr/m/n/10 Neutrinos: Dirac, pseudo-Dirac, quasi Dirac,
 []


Underfull \hbox (badness 10000) in alignment at lines 600--602
[][][][]
 []

[6 <./Plot2.pdf>]
Underfull \hbox (badness 10000) in alignment at lines 611--615
[][][][]
 []


LaTeX Warning: Reference `rsdeg' on page 7 undefined on input line 618.


Underfull \hbox (badness 1132) in paragraph at lines 654--655
 []\OT1/cmr/m/n/10 How lep-ton flavour vi-o-lat-ing pro-cesses re-strict
 []


Underfull \hbox (badness 10000) in alignment at lines 681--689
[][][][]
 []


Underfull \hbox (badness 10000) in alignment at lines 696--707
[][][][]
 []


Underfull \hbox (badness 10000) in alignment at lines 714--716
[][][][]
 []


Overfull \hbox (35.94107pt too wide) detected at line 729
\OML/cmm/m/it/10 U \OT1/cmr/m/n/10 = []
 []

(./cms2-hep.bbl [7]
Underfull \hbox (badness 1281) in paragraph at lines 47--53
 \OT1/cmr/m/n/9 U. Sarkar, Sig-nal of Right-Handed Charged Gauge
 []


Underfull \hbox (badness 1715) in paragraph at lines 47--53
 \OT1/cmr/m/n/9 Bosons at the LHC?, Phys. Rev. D90 (5) (2014)
 []


Underfull \hbox (badness 1742) in paragraph at lines 55--60
 []\OT1/cmr/m/n/9 M. Heik-in-heimo, M. Raidal, C. Speth-mann, Test-
 []


Underfull \hbox (badness 6608) in paragraph at lines 87--90
 \OT1/cmr/m/n/9 ter-sall, Sym-me-try Re-stored in Di-bosons at the
 []


Underfull \hbox (badness 1226) in paragraph at lines 92--95
 []\OT1/cmr/m/n/9 P. S. B. Dev, R. N. Mo-ha-p-a-tra, Uni-fied ex-pla-na-
 []

Missing character: There is no Å in font cmr9!
Missing character: There is no „ in font cmr9!
Missing character: There is no â in font cmr9!
Missing character: There is no † in font cmr9!
Missing character: There is no ’ in font cmr9!

Underfull \hbox (badness 5878) in paragraph at lines 102--107
 []\OT1/cmr/m/n/9 J. Gluza, T. Jeliski, Heavy neu-tri-nos and the
 []


Underfull \hbox (badness 3780) in paragraph at lines 102--107
 \OT1/cmr/m/n/9 pplljj CMS data, Phys. Lett. B748 (2015) 125--
 []


Underfull \hbox (badness 2057) in paragraph at lines 109--115
 \OT1/cmr/m/n/9 8$ TeV LHC data, Phys. Lett. B735 (2014) 364--
 []


Underfull \hbox (badness 5726) in paragraph at lines 117--124
 \OT1/cmr/m/n/9 ber Vi-o-la-tion and $\OML/cmm/m/it/9 W[]$ \OT1/cmr/m/n/9 Chi-r
al Cou-plings at the
 []


Underfull \hbox (badness 3189) in paragraph at lines 117--124
 \OT1/cmr/m/n/9 LHC, Phys. Rev. D87 (3) (2013) 035011, [Er-ra-
 []


Underfull \hbox (badness 3872) in paragraph at lines 126--131
 \OT1/cmr/m/n/9 for Heavy Ma-jo-rana Neu-tri-nos, JHEP 05 (2009)
 []


Underfull \hbox (badness 6157) in paragraph at lines 133--136
 []\OT1/cmr/m/n/9 J. Berger, J. A. Dror, W. H. Ng, Sneu-trino
 []


Underfull \hbox (badness 1210) in paragraph at lines 172--177
 \OT1/cmr/m/n/9 ing Muon De-cays in a Model of Electroweak-Scale
 []

[8]
Underfull \hbox (badness 1769) in paragraph at lines 221--225
 \OT1/cmr/m/n/9 Phys.Polon. B33 (2002) 1735--1746.  $\OT1/cmtt/m/n/9 \path{arXi
v :
 []


Underfull \hbox (badness 1701) in paragraph at lines 227--232
 []\OT1/cmr/m/n/9 C.-Y. Chen, P. S. B. Dev, R. Mo-ha-p-a-tra, Prob-
 []


Underfull \hbox (badness 3954) in paragraph at lines 227--232
 \OT1/cmr/m/n/9 saw Mod-els at the LHC, Phys.Rev. D88 (2013)
 []


Underfull \hbox (badness 2735) in paragraph at lines 240--244
 []\OT1/cmr/m/n/9 K. A. Olive, et al., Re-view of Par-ti-cle Physics,
 []

)

Package natbib Warning: There were undefined citations.

[9] (./cms2-hep.aux)

LaTeX Warning: There were undefined references.


LaTeX Warning: There were multiply-defined labels.

 ) 
Here is how much of TeX's memory you used:
 4538 strings out of 493315
 59612 string characters out of 6137904
 144582 words of memory out of 5000000
 7886 multiletter control sequences out of 15000+600000
 14684 words of font info for 60 fonts, out of 8000000 for 9000
 957 hyphenation exceptions out of 8191
 38i,12n,26p,1096b,425s stack positions out of 5000i,500n,10000p,200000b,80000s
</usr/local/texlive/2013/texmf-dist/fonts/type1/public/amsfonts/cm/cmbx10.pfb
></usr/local/texlive/2013/texmf-dist/fonts/type1/public/amsfonts/cm/cmbx12.pfb>
</usr/local/texlive/2013/texmf-dist/fonts/type1/public/amsfonts/cm/cmbx9.pfb></
usr/local/texlive/2013/texmf-dist/fonts/type1/public/amsfonts/cm/cmex10.pfb></u
sr/local/texlive/2013/texmf-dist/fonts/type1/public/amsfonts/cm/cmmi10.pfb></us
r/local/texlive/2013/texmf-dist/fonts/type1/public/amsfonts/cm/cmmi5.pfb></usr/
local/texlive/2013/texmf-dist/fonts/type1/public/amsfonts/cm/cmmi6.pfb></usr/lo
cal/texlive/2013/texmf-dist/fonts/type1/public/amsfonts/cm/cmmi7.pfb></usr/loca
l/texlive/2013/texmf-dist/fonts/type1/public/amsfonts/cm/cmmi8.pfb></usr/local/
texlive/2013/texmf-dist/fonts/type1/public/amsfonts/cm/cmmi9.pfb></usr/local/te
xlive/2013/texmf-dist/fonts/type1/public/amsfonts/cm/cmr10.pfb></usr/local/texl
ive/2013/texmf-dist/fonts/type1/public/amsfonts/cm/cmr5.pfb></usr/local/texlive
/2013/texmf-dist/fonts/type1/public/amsfonts/cm/cmr6.pfb></usr/local/texlive/20
13/texmf-dist/fonts/type1/public/amsfonts/cm/cmr7.pfb></usr/local/texlive/2013/
texmf-dist/fonts/type1/public/amsfonts/cm/cmr8.pfb></usr/local/texlive/2013/tex
mf-dist/fonts/type1/public/amsfonts/cm/cmr9.pfb></usr/local/texlive/2013/texmf-
dist/fonts/type1/public/amsfonts/cm/cmsy10.pfb></usr/local/texlive/2013/texmf-d
ist/fonts/type1/public/amsfonts/cm/cmsy6.pfb></usr/local/texlive/2013/texmf-dis
t/fonts/type1/public/amsfonts/cm/cmsy7.pfb></usr/local/texlive/2013/texmf-dist/
fonts/type1/public/amsfonts/cm/cmsy9.pfb></usr/local/texlive/2013/texmf-dist/fo
nts/type1/public/amsfonts/cm/cmti10.pfb></usr/local/texlive/2013/texmf-dist/fon
ts/type1/public/amsfonts/cm/cmti7.pfb></usr/local/texlive/2013/texmf-dist/fonts
/type1/public/amsfonts/cm/cmti9.pfb></usr/local/texlive/2013/texmf-dist/fonts/t
ype1/public/amsfonts/cm/cmtt9.pfb>
Output written on cms2-hep.pdf (9 pages, 681510 bytes).
PDF statistics:
 233 PDF objects out of 1000 (max. 8388607)
 178 compressed objects within 2 object streams
 0 named destinations out of 1000 (max. 500000)
 31 words of extra memory for PDF output out of 10000 (max. 10000000)

